<?xml version="1.0" encoding="UTF-8"?>
<testsuite name="com.shuffle.protocol.TestNetworkOperations" tests="5" skipped="0" failures="0" errors="0" timestamp="2015-12-23T09:39:37" hostname="gummi-pony" time="0.007">
  <properties/>
  <testcase name="testOpponentSet" classname="com.shuffle.protocol.TestNetworkOperations" time="0.002"/>
  <testcase name="testReceiveFromMultiple" classname="com.shuffle.protocol.TestNetworkOperations" time="0.0"/>
  <testcase name="testSend" classname="com.shuffle.protocol.TestNetworkOperations" time="0.004"/>
  <testcase name="testBroadcast" classname="com.shuffle.protocol.TestNetworkOperations" time="0.001"/>
  <testcase name="testReceiveFrom" classname="com.shuffle.protocol.TestNetworkOperations" time="0.0"/>
  <system-out><![CDATA[]]></system-out>
  <system-err><![CDATA[]]></system-err>
</testsuite>
