<?xml version="1.0" encoding="UTF-8"?>
<testsuite name="com.shuffle.protocol.TestShuffleMachine" tests="1" skipped="0" failures="0" errors="0" timestamp="2015-12-23T09:39:37" hostname="gummi-pony" time="0.118">
  <properties/>
  <testcase name="testShuffleMachine" classname="com.shuffle.protocol.TestShuffleMachine" time="0.118"/>
  <system-out><![CDATA[running test case 0: successful run with 2 players.
running test case 1: successful run with 3 players.
running test case 2: successful run with 4 players.
running test case 3: successful run with 5 players.
running test case 4: successful run with 6 players.
running test case 5: successful run with 7 players.
running test case 6: successful run with 8 players.
running test case 7: successful run with 9 players.
running test case 8: successful run with 10 players.
running test case 9: successful run with 11 players.
running test case 10: successful run with 12 players.
]]></system-out>
  <system-err><![CDATA[]]></system-err>
</testsuite>
